app/mapping.txt
# compiler: R8
# compiler_version: 1.4.94
# min_api: 21
works.codex.arief.AriefApplication -> works.codex.arief.AriefApplication:
    works.codex.arief.AriefApplication$Companion Companion -> b
    boolean[] $jacocoData -> c
    works.codex.arief.dependencies.AriefComponent ariefComponent -> a
    16:16:void <init>() -> <init>
    16:16:works.codex.arief.dependencies.AriefComponent access$getAriefComponent$cp() -> a
    69:71:void attachBaseContext(android.content.Context) -> attachBaseContext
    boolean[] $jacocoInit() -> b
    40:44:void initDagger() -> c
    36:37:void initLogging() -> d
    47:62:void initRxJavaplugins() -> e
    30:33:void initStetho() -> f
    22:27:void onCreate() -> onCreate
    65:66:void onTerminate() -> onTerminate
works.codex.arief.AriefApplication$Companion -> works.codex.arief.AriefApplication$a:
    boolean[] $jacocoData -> a
    17:17:void <init>() -> <init>
    17:17:void <init>(kotlin.jvm.internal.DefaultConstructorMarker) -> <init>
    18:18:works.codex.arief.dependencies.AriefComponent getAriefComponent() -> a
    boolean[] $jacocoInit() -> b
works.codex.arief.AriefApplication$initRxJavaplugins$1 -> works.codex.arief.a:
    works.codex.arief.AriefApplication$initRxJavaplugins$1 INSTANCE -> a
    boolean[] $jacocoData -> b
    boolean[] $jacocoInit() -> a
    48:61:void accept(java.lang.Throwable) -> a
    16:16:void accept(java.lang.Object) -> accept
works.codex.arief.BuildConfig -> works.codex.arief.b:
    boolean[] $jacocoData -> b
    boolean DEBUG -> a
    7:7:void <clinit>() -> <clinit>
    boolean[] $jacocoInit() -> a
works.codex.arief.R$id -> works.codex.arief.c:
works.codex.arief.common.base.adapter.BaseAdapter -> works.codex.arief.a.a.a.a:
    boolean[] $jacocoData -> c
    5:5:void <init>() -> <init>
    boolean[] $jacocoInit() -> e
works.codex.arief.common.base.composer.BaseActivity -> works.codex.arief.a.a.b.b:
    kotlin.Lazy navigationService$delegate -> u
    kotlin.reflect.KProperty[] $$delegatedProperties -> s
    boolean[] $jacocoData -> t
    boolean disableBackPressed -> v
    7:9:void <init>() -> <init>
    15:20:void onBackPressed() -> onBackPressed
    23:30:boolean onOptionsItemSelected(android.view.MenuItem) -> onOptionsItemSelected
    boolean[] $jacocoInit() -> r
works.codex.arief.common.base.composer.BaseActivity$navigationService$2 -> works.codex.arief.a.a.b.a:
    works.codex.arief.common.base.composer.BaseActivity$navigationService$2 INSTANCE -> a
    boolean[] $jacocoData -> b
    7:7:java.lang.Object invoke() -> b
    9:9:works.codex.arief.service.NavigationService invoke() -> b
    boolean[] $jacocoInit() -> d
works.codex.arief.common.base.presenter.BasePresenter -> works.codex.arief.a.a.c.a:
    io.reactivex.disposables.CompositeDisposable compositeDisposable -> b
    boolean[] $jacocoData -> a
    java.lang.Object view -> c
    9:11:void <init>() -> <init>
    15:17:void attach(java.lang.Object) -> a
    20:22:void detach() -> a
    31:32:void observe(kotlin.jvm.functions.Function0) -> a
    35:37:io.reactivex.Observable subscribeOnIoSchedulers(io.reactivex.Observable) -> a
    40:40:void onAttach() -> b
    24:24:java.lang.Object view() -> c
    boolean[] $jacocoInit() -> d
works.codex.arief.common.extension.ContextExtensionKt -> works.codex.arief.a.b.a:
    boolean[] $jacocoData -> a
    boolean[] $jacocoInit() -> a
    6:6:void showToast$default(android.content.Context,java.lang.String,int,int,java.lang.Object) -> a
    7:8:void showToast(android.content.Context,java.lang.String,int) -> a
works.codex.arief.common.extension.OkHttpBuilderExtensionKt -> works.codex.arief.a.b.b:
    boolean[] $jacocoData -> a
    boolean[] $jacocoInit() -> a
    16:37:okhttp3.OkHttpClient$Builder enableTls12OnPreLollipop(okhttp3.OkHttpClient$Builder) -> a
    41:45:javax.net.ssl.X509TrustManager getTrustManager(okhttp3.OkHttpClient$Builder) -> b
...
io.reactivex.exceptions.ProtocolViolationException -> d.a.c.e:
    34:35:void <init>(java.lang.String) -> <init>
io.reactivex.exceptions.UndeliverableException -> d.a.c.f:
    34:35:void <init>(java.lang.Throwable) -> <init>
io.reactivex.functions.Action -> d.a.d.a:
io.reactivex.functions.BiConsumer -> d.a.d.b:
io.reactivex.functions.BiFunction -> d.a.d.c:
io.reactivex.functions.BiPredicate -> d.a.d.d:
io.reactivex.functions.BooleanSupplier -> d.a.d.e:
io.reactivex.functions.Consumer -> d.a.d.f:
io.reactivex.functions.Function -> d.a.d.n:
io.reactivex.functions.Function3 -> d.a.d.g:
    java.lang.Object apply(java.lang.Object,java.lang.Object,java.lang.Object) -> a
io.reactivex.functions.Function4 -> d.a.d.h:
    java.lang.Object apply(java.lang.Object,java.lang.Object,java.lang.Object,java.lang.Object) -> a
io.reactivex.functions.Function5 -> d.a.d.i:
    java.lang.Object apply(java.lang.Object,java.lang.Object,java.lang.Object,java.lang.Object,java.lang.Object) -> a
io.reactivex.functions.Function6 -> d.a.d.j:
    java.lang.Object apply(java.lang.Object,java.lang.Object,java.lang.Object,java.lang.Object,java.lang.Object,java.lang.Object) -> a
io.reactivex.functions.Function7 -> d.a.d.k:
    java.lang.Object apply(java.lang.Object,java.lang.Object,java.lang.Object,java.lang.Object,java.lang.Object,java.lang.Object,java.lang.Object) -> a
io.reactivex.functions.Function8 -> d.a.d.l:
    java.lang.Object apply(java.lang.Object,java.lang.Object,java.lang.Object,java.lang.Object,java.lang.Object,java.lang.Object,java.lang.Object,java.lang.Object) -> a
io.reactivex.functions.Function9 -> d.a.d.m:
    java.lang.Object apply(java.lang.Object,java.lang.Object,java.lang.Object,java.lang.Object,java.lang.Object,java.lang.Object,java.lang.Object,java.lang.Object,java.lang.Object) -> a
io.reactivex.functions.LongConsumer -> d.a.d.o:
io.reactivex.functions.Predicate -> d.a.d.p:
io.reactivex.internal.disposables.ArrayCompositeDisposable -> d.a.e.a.a:
    32:33:void <init>(int) -> <init>
    43:54:boolean setResource(int,io.reactivex.disposables.Disposable) -> a
    78:90:void dispose() -> dispose
io.reactivex.internal.disposables.DisposableContainer -> d.a.e.a.b:
    boolean remove(io.reactivex.disposables.Disposable) -> a
    boolean add(io.reactivex.disposables.Disposable) -> b
    boolean delete(io.reactivex.disposables.Disposable) -> c
io.reactivex.internal.disposables.DisposableHelper -> d.a.e.a.c:
    io.reactivex.internal.disposables.DisposableHelper[] $VALUES -> b
    io.reactivex.internal.disposables.DisposableHelper DISPOSED -> a
    31:27:void <clinit>() -> <clinit>
    27:27:void <init>(java.lang.String,int) -> <init>
    40:40:boolean isDisposed(io.reactivex.disposables.Disposable) -> a
    100:110:boolean replace(java.util.concurrent.atomic.AtomicReference,io.reactivex.disposables.Disposable) -> a
    119:130:boolean dispose(java.util.concurrent.atomic.AtomicReference) -> a
    141:150:boolean validate(io.reactivex.disposables.Disposable,io.reactivex.disposables.Disposable) -> a
    51:64:boolean set(java.util.concurrent.atomic.AtomicReference,io.reactivex.disposables.Disposable) -> b
    79:87:boolean setOnce(java.util.concurrent.atomic.AtomicReference,io.reactivex.disposables.Disposable) -> c
    168:174:boolean trySet(java.util.concurrent.atomic.AtomicReference,io.reactivex.disposables.Disposable) -> d
    180:180:void dispose() -> dispose
    157:158:void reportDisposableSet() -> f
    27:27:io.reactivex.internal.disposables.DisposableHelper valueOf(java.lang.String) -> valueOf
    27:27:io.reactivex.internal.disposables.DisposableHelper[] values() -> values